2020-09-22 19:13:52.383  INFO 8256 --- [main] m.f.u.m.m.MapApplicationTests            : Starting MapApplicationTests on DESKTOP-7B09IF2 with PID 8256 (started by Pc in C:\Users\Pc\IntelliJIDEAProjects\wp_mpip_project\map_application)
2020-09-22 19:13:52.468  INFO 8256 --- [main] m.f.u.m.m.MapApplicationTests            : No active profile set, falling back to default profiles: default
2020-09-22 19:13:58.826  INFO 8256 --- [main] .s.d.r.c.RepositoryConfigurationDelegate : Bootstrapping Spring Data JPA repositories in DEFAULT mode.
2020-09-22 19:14:00.366  INFO 8256 --- [main] .s.d.r.c.RepositoryConfigurationDelegate : Finished Spring Data repository scanning in 1515ms. Found 4 JPA repository interfaces.
2020-09-22 19:14:05.324  INFO 8256 --- [main] trationDelegate$BeanPostProcessorChecker : Bean 'org.springframework.transaction.annotation.ProxyTransactionManagementConfiguration' of type [org.springframework.transaction.annotation.ProxyTransactionManagementConfiguration] is not eligible for getting processed by all BeanPostProcessors (for example: not eligible for auto-proxying)
2020-09-22 19:14:05.417  INFO 8256 --- [main] trationDelegate$BeanPostProcessorChecker : Bean 'org.springframework.security.config.annotation.configuration.ObjectPostProcessorConfiguration' of type [org.springframework.security.config.annotation.configuration.ObjectPostProcessorConfiguration] is not eligible for getting processed by all BeanPostProcessors (for example: not eligible for auto-proxying)
2020-09-22 19:14:05.443  INFO 8256 --- [main] trationDelegate$BeanPostProcessorChecker : Bean 'objectPostProcessor' of type [org.springframework.security.config.annotation.configuration.AutowireBeanFactoryObjectPostProcessor] is not eligible for getting processed by all BeanPostProcessors (for example: not eligible for auto-proxying)
2020-09-22 19:14:05.447  INFO 8256 --- [main] trationDelegate$BeanPostProcessorChecker : Bean 'org.springframework.security.access.expression.method.DefaultMethodSecurityExpressionHandler@1292071f' of type [org.springframework.security.access.expression.method.DefaultMethodSecurityExpressionHandler] is not eligible for getting processed by all BeanPostProcessors (for example: not eligible for auto-proxying)
2020-09-22 19:14:05.468  INFO 8256 --- [main] trationDelegate$BeanPostProcessorChecker : Bean 'org.springframework.security.config.annotation.method.configuration.GlobalMethodSecurityConfiguration' of type [org.springframework.security.config.annotation.method.configuration.GlobalMethodSecurityConfiguration] is not eligible for getting processed by all BeanPostProcessors (for example: not eligible for auto-proxying)
2020-09-22 19:14:05.517  INFO 8256 --- [main] trationDelegate$BeanPostProcessorChecker : Bean 'org.springframework.security.config.annotation.method.configuration.Jsr250MetadataSourceConfiguration' of type [org.springframework.security.config.annotation.method.configuration.Jsr250MetadataSourceConfiguration] is not eligible for getting processed by all BeanPostProcessors (for example: not eligible for auto-proxying)
2020-09-22 19:14:05.529  INFO 8256 --- [main] trationDelegate$BeanPostProcessorChecker : Bean 'jsr250MethodSecurityMetadataSource' of type [org.springframework.security.access.annotation.Jsr250MethodSecurityMetadataSource] is not eligible for getting processed by all BeanPostProcessors (for example: not eligible for auto-proxying)
2020-09-22 19:14:05.547  INFO 8256 --- [main] trationDelegate$BeanPostProcessorChecker : Bean 'methodSecurityMetadataSource' of type [org.springframework.security.access.method.DelegatingMethodSecurityMetadataSource] is not eligible for getting processed by all BeanPostProcessors (for example: not eligible for auto-proxying)
2020-09-22 19:14:07.905  INFO 8256 --- [main] com.zaxxer.hikari.HikariDataSource       : HikariPool-1 - Starting...
2020-09-22 19:14:12.061  INFO 8256 --- [main] com.zaxxer.hikari.HikariDataSource       : HikariPool-1 - Start completed.
2020-09-22 19:14:12.675  INFO 8256 --- [main] o.hibernate.jpa.internal.util.LogHelper  : HHH000204: Processing PersistenceUnitInfo [name: default]
2020-09-22 19:14:13.060  INFO 8256 --- [main] org.hibernate.Version                    : HHH000412: Hibernate Core {5.4.10.Final}
2020-09-22 19:14:13.648  INFO 8256 --- [main] o.hibernate.annotations.common.Version   : HCANN000001: Hibernate Commons Annotations {5.1.0.Final}
2020-09-22 19:14:19.196  INFO 8256 --- [main] org.hibernate.dialect.Dialect            : HHH000400: Using dialect: org.hibernate.dialect.H2Dialect
2020-09-22 19:14:26.094  INFO 8256 --- [main] o.h.e.t.j.p.i.JtaPlatformInitiator       : HHH000490: Using JtaPlatform implementation: [org.hibernate.engine.transaction.jta.platform.internal.NoJtaPlatform]
2020-09-22 19:14:26.112  INFO 8256 --- [main] j.LocalContainerEntityManagerFactoryBean : Initialized JPA EntityManagerFactory for persistence unit 'default'
2020-09-22 19:14:33.577  WARN 8256 --- [main] JpaBaseConfiguration$JpaWebConfiguration : spring.jpa.open-in-view is enabled by default. Therefore, database queries may be performed during view rendering. Explicitly configure spring.jpa.open-in-view to disable this warning
2020-09-22 19:14:40.570  INFO 8256 --- [main] o.s.b.a.e.web.EndpointLinksResolver      : Exposing 2 endpoint(s) beneath base path '/actuator'
2020-09-22 19:14:40.833  INFO 8256 --- [main] o.s.s.web.DefaultSecurityFilterChain     : Creating filter chain: any request, [org.springframework.security.web.context.request.async.WebAsyncManagerIntegrationFilter@61c145cb, org.springframework.security.web.context.SecurityContextPersistenceFilter@44e79e9e, org.springframework.security.web.header.HeaderWriterFilter@7c88d04f, org.springframework.web.filter.CorsFilter@153409b8, org.springframework.security.web.authentication.logout.LogoutFilter@5c703860, mk.finki.ukim.mk.map_application.security.JwtAuthenticationFilter@5a57cf90, org.springframework.security.web.savedrequest.RequestCacheAwareFilter@4b99648a, org.springframework.security.web.servletapi.SecurityContextHolderAwareRequestFilter@5ad50b02, org.springframework.security.web.authentication.AnonymousAuthenticationFilter@511bfbb0, org.springframework.security.web.session.SessionManagementFilter@b529d7e, org.springframework.security.web.access.ExceptionTranslationFilter@720ffab4, org.springframework.security.web.access.intercept.FilterSecurityInterceptor@7bde704a]
2020-09-22 19:14:41.547  INFO 8256 --- [main] o.s.s.concurrent.ThreadPoolTaskExecutor  : Initializing ExecutorService 'applicationTaskExecutor'
2020-09-22 19:14:41.778  WARN 8256 --- [main] ion$DefaultTemplateResolverConfiguration : Cannot find template location: classpath:/templates/ (please add some templates or check your Thymeleaf configuration)
2020-09-22 19:14:42.162  INFO 8256 --- [main] o.s.b.a.h2.H2ConsoleAutoConfiguration    : H2 console available at '/h2'. Database available at 'jdbc:h2:mem:map-app-db'
2020-09-22 19:14:42.488  INFO 8256 --- [main] m.f.u.m.m.MapApplicationTests            : Started MapApplicationTests in 50.912 seconds (JVM running for 54.602)
2020-09-22 19:14:47.594  INFO 8256 --- [SpringContextShutdownHook] o.s.s.concurrent.ThreadPoolTaskExecutor  : Shutting down ExecutorService 'applicationTaskExecutor'
2020-09-22 19:14:47.601  INFO 8256 --- [SpringContextShutdownHook] j.LocalContainerEntityManagerFactoryBean : Closing JPA EntityManagerFactory for persistence unit 'default'
2020-09-22 19:14:47.609  INFO 8256 --- [SpringContextShutdownHook] .SchemaDropperImpl$DelayedDropActionImpl : HHH000477: Starting delayed evictData of schema as part of SessionFactory shut-down'
2020-09-22 19:14:47.640  INFO 8256 --- [SpringContextShutdownHook] com.zaxxer.hikari.HikariDataSource       : HikariPool-1 - Shutdown initiated...
2020-09-22 19:14:47.647  INFO 8256 --- [SpringContextShutdownHook] com.zaxxer.hikari.HikariDataSource       : HikariPool-1 - Shutdown completed.
2020-09-22 19:16:54.504  INFO 16396 --- [restartedMain] m.f.u.mk.map_application.MapApplication  : Starting MapApplication on DESKTOP-7B09IF2 with PID 16396 (C:\Users\Pc\IntelliJIDEAProjects\wp_mpip_project\map_application\target\classes started by Pc in C:\Users\Pc\IntelliJIDEAProjects\wp_mpip_project\map_application)
2020-09-22 19:16:54.508  INFO 16396 --- [restartedMain] m.f.u.mk.map_application.MapApplication  : No active profile set, falling back to default profiles: default
2020-09-22 19:16:54.591  INFO 16396 --- [restartedMain] o.s.b.devtools.restart.ChangeableUrls    : The Class-Path manifest attribute in C:\Users\Pc\.m2\repository\org\glassfish\jaxb\jaxb-runtime\2.3.2\jaxb-runtime-2.3.2.jar referenced one or more files that do not exist: file:/C:/Users/Pc/.m2/repository/org/glassfish/jaxb/jaxb-runtime/2.3.2/jakarta.xml.bind-api-2.3.2.jar,file:/C:/Users/Pc/.m2/repository/org/glassfish/jaxb/jaxb-runtime/2.3.2/txw2-2.3.2.jar,file:/C:/Users/Pc/.m2/repository/org/glassfish/jaxb/jaxb-runtime/2.3.2/istack-commons-runtime-3.0.8.jar,file:/C:/Users/Pc/.m2/repository/org/glassfish/jaxb/jaxb-runtime/2.3.2/stax-ex-1.8.1.jar,file:/C:/Users/Pc/.m2/repository/org/glassfish/jaxb/jaxb-runtime/2.3.2/FastInfoset-1.2.16.jar,file:/C:/Users/Pc/.m2/repository/org/glassfish/jaxb/jaxb-runtime/2.3.2/jakarta.activation-api-1.2.1.jar
2020-09-22 19:16:54.592  INFO 16396 --- [restartedMain] .e.DevToolsPropertyDefaultsPostProcessor : Devtools property defaults active! Set 'spring.devtools.add-properties' to 'false' to disable
2020-09-22 19:16:54.592  INFO 16396 --- [restartedMain] .e.DevToolsPropertyDefaultsPostProcessor : For additional web related logging consider setting the 'logging.level.web' property to 'DEBUG'
2020-09-22 19:16:56.480  INFO 16396 --- [restartedMain] .s.d.r.c.RepositoryConfigurationDelegate : Bootstrapping Spring Data JPA repositories in DEFAULT mode.
2020-09-22 19:16:56.634  INFO 16396 --- [restartedMain] .s.d.r.c.RepositoryConfigurationDelegate : Finished Spring Data repository scanning in 142ms. Found 4 JPA repository interfaces.
2020-09-22 19:16:57.147  INFO 16396 --- [restartedMain] trationDelegate$BeanPostProcessorChecker : Bean 'org.springframework.transaction.annotation.ProxyTransactionManagementConfiguration' of type [org.springframework.transaction.annotation.ProxyTransactionManagementConfiguration] is not eligible for getting processed by all BeanPostProcessors (for example: not eligible for auto-proxying)
2020-09-22 19:16:57.184  INFO 16396 --- [restartedMain] trationDelegate$BeanPostProcessorChecker : Bean 'org.springframework.security.config.annotation.configuration.ObjectPostProcessorConfiguration' of type [org.springframework.security.config.annotation.configuration.ObjectPostProcessorConfiguration] is not eligible for getting processed by all BeanPostProcessors (for example: not eligible for auto-proxying)
2020-09-22 19:16:57.189  INFO 16396 --- [restartedMain] trationDelegate$BeanPostProcessorChecker : Bean 'objectPostProcessor' of type [org.springframework.security.config.annotation.configuration.AutowireBeanFactoryObjectPostProcessor] is not eligible for getting processed by all BeanPostProcessors (for example: not eligible for auto-proxying)
2020-09-22 19:16:57.192  INFO 16396 --- [restartedMain] trationDelegate$BeanPostProcessorChecker : Bean 'org.springframework.security.access.expression.method.DefaultMethodSecurityExpressionHandler@16f9c6a7' of type [org.springframework.security.access.expression.method.DefaultMethodSecurityExpressionHandler] is not eligible for getting processed by all BeanPostProcessors (for example: not eligible for auto-proxying)
2020-09-22 19:16:57.194  INFO 16396 --- [restartedMain] trationDelegate$BeanPostProcessorChecker : Bean 'org.springframework.security.config.annotation.method.configuration.GlobalMethodSecurityConfiguration' of type [org.springframework.security.config.annotation.method.configuration.GlobalMethodSecurityConfiguration] is not eligible for getting processed by all BeanPostProcessors (for example: not eligible for auto-proxying)
2020-09-22 19:16:57.203  INFO 16396 --- [restartedMain] trationDelegate$BeanPostProcessorChecker : Bean 'org.springframework.security.config.annotation.method.configuration.Jsr250MetadataSourceConfiguration' of type [org.springframework.security.config.annotation.method.configuration.Jsr250MetadataSourceConfiguration] is not eligible for getting processed by all BeanPostProcessors (for example: not eligible for auto-proxying)
2020-09-22 19:16:57.203  INFO 16396 --- [restartedMain] trationDelegate$BeanPostProcessorChecker : Bean 'jsr250MethodSecurityMetadataSource' of type [org.springframework.security.access.annotation.Jsr250MethodSecurityMetadataSource] is not eligible for getting processed by all BeanPostProcessors (for example: not eligible for auto-proxying)
2020-09-22 19:16:57.205  INFO 16396 --- [restartedMain] trationDelegate$BeanPostProcessorChecker : Bean 'methodSecurityMetadataSource' of type [org.springframework.security.access.method.DelegatingMethodSecurityMetadataSource] is not eligible for getting processed by all BeanPostProcessors (for example: not eligible for auto-proxying)
2020-09-22 19:16:57.866  INFO 16396 --- [restartedMain] o.s.b.w.embedded.tomcat.TomcatWebServer  : Tomcat initialized with port(s): 8080 (http)
2020-09-22 19:16:57.879  INFO 16396 --- [restartedMain] o.apache.catalina.core.StandardService   : Starting service [Tomcat]
2020-09-22 19:16:57.879  INFO 16396 --- [restartedMain] org.apache.catalina.core.StandardEngine  : Starting Servlet engine: [Apache Tomcat/9.0.30]
2020-09-22 19:16:58.016  INFO 16396 --- [restartedMain] o.a.c.c.C.[Tomcat].[localhost].[/]       : Initializing Spring embedded WebApplicationContext
2020-09-22 19:16:58.017  INFO 16396 --- [restartedMain] o.s.web.context.ContextLoader            : Root WebApplicationContext: initialization completed in 3425 ms
2020-09-22 19:16:58.238  INFO 16396 --- [restartedMain] com.zaxxer.hikari.HikariDataSource       : HikariPool-1 - Starting...
2020-09-22 19:16:58.516  INFO 16396 --- [restartedMain] com.zaxxer.hikari.HikariDataSource       : HikariPool-1 - Start completed.
2020-09-22 19:16:58.526  INFO 16396 --- [restartedMain] o.s.b.a.h2.H2ConsoleAutoConfiguration    : H2 console available at '/h2'. Database available at 'jdbc:h2:mem:map-app-db'
2020-09-22 19:16:58.862  WARN 16396 --- [restartedMain] JpaBaseConfiguration$JpaWebConfiguration : spring.jpa.open-in-view is enabled by default. Therefore, database queries may be performed during view rendering. Explicitly configure spring.jpa.open-in-view to disable this warning
2020-09-22 19:16:59.062  INFO 16396 --- [restartedMain] o.hibernate.jpa.internal.util.LogHelper  : HHH000204: Processing PersistenceUnitInfo [name: default]
2020-09-22 19:16:59.277  INFO 16396 --- [restartedMain] org.hibernate.Version                    : HHH000412: Hibernate Core {5.4.10.Final}
2020-09-22 19:16:59.617  INFO 16396 --- [restartedMain] o.hibernate.annotations.common.Version   : HCANN000001: Hibernate Commons Annotations {5.1.0.Final}
2020-09-22 19:16:59.819  INFO 16396 --- [restartedMain] org.hibernate.dialect.Dialect            : HHH000400: Using dialect: org.hibernate.dialect.H2Dialect
2020-09-22 19:17:01.481  INFO 16396 --- [restartedMain] o.h.e.t.j.p.i.JtaPlatformInitiator       : HHH000490: Using JtaPlatform implementation: [org.hibernate.engine.transaction.jta.platform.internal.NoJtaPlatform]
2020-09-22 19:17:01.493  INFO 16396 --- [restartedMain] j.LocalContainerEntityManagerFactoryBean : Initialized JPA EntityManagerFactory for persistence unit 'default'
2020-09-22 19:17:02.291  INFO 16396 --- [restartedMain] o.s.b.d.a.OptionalLiveReloadServer       : LiveReload server is running on port 35729
2020-09-22 19:17:03.760  INFO 16396 --- [restartedMain] o.s.b.a.e.web.EndpointLinksResolver      : Exposing 2 endpoint(s) beneath base path '/actuator'
2020-09-22 19:17:03.810  INFO 16396 --- [restartedMain] o.s.s.web.DefaultSecurityFilterChain     : Creating filter chain: any request, [org.springframework.security.web.context.request.async.WebAsyncManagerIntegrationFilter@61727b9a, org.springframework.security.web.context.SecurityContextPersistenceFilter@2478c19f, org.springframework.security.web.header.HeaderWriterFilter@34fc0926, org.springframework.web.filter.CorsFilter@40cbfc35, org.springframework.security.web.authentication.logout.LogoutFilter@7bcfa94d, mk.finki.ukim.mk.map_application.security.JwtAuthenticationFilter@caf1394, org.springframework.security.web.savedrequest.RequestCacheAwareFilter@217a5163, org.springframework.security.web.servletapi.SecurityContextHolderAwareRequestFilter@64833727, org.springframework.security.web.authentication.AnonymousAuthenticationFilter@146dbac8, org.springframework.security.web.session.SessionManagementFilter@4602291e, org.springframework.security.web.access.ExceptionTranslationFilter@541161d3, org.springframework.security.web.access.intercept.FilterSecurityInterceptor@7398d276]
2020-09-22 19:17:03.917  INFO 16396 --- [restartedMain] o.s.s.concurrent.ThreadPoolTaskExecutor  : Initializing ExecutorService 'applicationTaskExecutor'
2020-09-22 19:17:04.046  WARN 16396 --- [restartedMain] ion$DefaultTemplateResolverConfiguration : Cannot find template location: classpath:/templates/ (please add some templates or check your Thymeleaf configuration)
2020-09-22 19:17:04.442  INFO 16396 --- [restartedMain] o.s.b.w.embedded.tomcat.TomcatWebServer  : Tomcat started on port(s): 8080 (http) with context path ''
2020-09-22 19:17:04.446  INFO 16396 --- [restartedMain] m.f.u.mk.map_application.MapApplication  : Started MapApplication in 10.577 seconds (JVM running for 13.691)
2020-09-22 19:17:05.125  INFO 16396 --- [RMI TCP Connection(3)-192.168.1.101] o.a.c.c.C.[Tomcat].[localhost].[/]       : Initializing Spring DispatcherServlet 'dispatcherServlet'
2020-09-22 19:17:05.125  INFO 16396 --- [RMI TCP Connection(3)-192.168.1.101] o.s.web.servlet.DispatcherServlet        : Initializing Servlet 'dispatcherServlet'
2020-09-22 19:17:05.139  INFO 16396 --- [RMI TCP Connection(3)-192.168.1.101] o.s.web.servlet.DispatcherServlet        : Completed initialization in 14 ms
2020-09-22 19:19:43.951 ERROR 16396 --- [http-nio-8080-exec-7] m.f.u.m.m.s.JwtAuthenticationEntryPoint  : Responding with unauthorized error. Message - Full authentication is required to access this resource
2020-09-22 19:19:45.036 ERROR 16396 --- [http-nio-8080-exec-10] m.f.u.m.m.s.JwtAuthenticationEntryPoint  : Responding with unauthorized error. Message - Full authentication is required to access this resource
2020-09-22 19:19:45.710 ERROR 16396 --- [http-nio-8080-exec-8] m.f.u.m.m.s.JwtAuthenticationEntryPoint  : Responding with unauthorized error. Message - Full authentication is required to access this resource
2020-09-22 19:20:08.974  INFO 16396 --- [http-nio-8080-exec-8] m.f.u.m.m.web.MapsController             : METHOD NAME: getAllMaps - GET requestTue Sep 22 17:20:08 UTC 2020
2020-09-22 20:49:10.736  INFO 16396 --- [SpringContextShutdownHook] o.s.s.concurrent.ThreadPoolTaskExecutor  : Shutting down ExecutorService 'applicationTaskExecutor'
2020-09-22 20:49:10.807  INFO 16396 --- [SpringContextShutdownHook] j.LocalContainerEntityManagerFactoryBean : Closing JPA EntityManagerFactory for persistence unit 'default'
2020-09-22 20:49:10.868  INFO 16396 --- [SpringContextShutdownHook] .SchemaDropperImpl$DelayedDropActionImpl : HHH000477: Starting delayed evictData of schema as part of SessionFactory shut-down'
2020-09-22 20:49:11.305  WARN 16396 --- [SpringContextShutdownHook] o.s.b.f.support.DisposableBeanAdapter    : Invocation of destroy method failed on bean with name 'inMemoryDatabaseShutdownExecutor': org.h2.jdbc.JdbcSQLNonTransientConnectionException: Database is already closed (to disable automatic closing at VM shutdown, add ";DB_CLOSE_ON_EXIT=FALSE" to the db URL) [90121-200]
2020-09-22 20:49:11.308  INFO 16396 --- [SpringContextShutdownHook] com.zaxxer.hikari.HikariDataSource       : HikariPool-1 - Shutdown initiated...
2020-09-22 20:49:11.327  INFO 16396 --- [SpringContextShutdownHook] com.zaxxer.hikari.HikariDataSource       : HikariPool-1 - Shutdown completed.
2020-09-22 21:18:47.985  INFO 16236 --- [restartedMain] m.f.u.mk.map_application.MapApplication  : Starting MapApplication on DESKTOP-7B09IF2 with PID 16236 (C:\Users\Pc\IntelliJIDEAProjects\wp_mpip_project\map_application\target\classes started by Pc in C:\Users\Pc\IntelliJIDEAProjects\wp_mpip_project\map_application)
2020-09-22 21:18:47.988  INFO 16236 --- [restartedMain] m.f.u.mk.map_application.MapApplication  : No active profile set, falling back to default profiles: default
2020-09-22 21:18:48.034  INFO 16236 --- [restartedMain] o.s.b.devtools.restart.ChangeableUrls    : The Class-Path manifest attribute in C:\Users\Pc\.m2\repository\org\glassfish\jaxb\jaxb-runtime\2.3.2\jaxb-runtime-2.3.2.jar referenced one or more files that do not exist: file:/C:/Users/Pc/.m2/repository/org/glassfish/jaxb/jaxb-runtime/2.3.2/jakarta.xml.bind-api-2.3.2.jar,file:/C:/Users/Pc/.m2/repository/org/glassfish/jaxb/jaxb-runtime/2.3.2/txw2-2.3.2.jar,file:/C:/Users/Pc/.m2/repository/org/glassfish/jaxb/jaxb-runtime/2.3.2/istack-commons-runtime-3.0.8.jar,file:/C:/Users/Pc/.m2/repository/org/glassfish/jaxb/jaxb-runtime/2.3.2/stax-ex-1.8.1.jar,file:/C:/Users/Pc/.m2/repository/org/glassfish/jaxb/jaxb-runtime/2.3.2/FastInfoset-1.2.16.jar,file:/C:/Users/Pc/.m2/repository/org/glassfish/jaxb/jaxb-runtime/2.3.2/jakarta.activation-api-1.2.1.jar
2020-09-22 21:18:48.034  INFO 16236 --- [restartedMain] .e.DevToolsPropertyDefaultsPostProcessor : Devtools property defaults active! Set 'spring.devtools.add-properties' to 'false' to disable
2020-09-22 21:18:48.035  INFO 16236 --- [restartedMain] .e.DevToolsPropertyDefaultsPostProcessor : For additional web related logging consider setting the 'logging.level.web' property to 'DEBUG'
2020-09-22 21:18:49.563  INFO 16236 --- [restartedMain] .s.d.r.c.RepositoryConfigurationDelegate : Bootstrapping Spring Data JPA repositories in DEFAULT mode.
2020-09-22 21:18:49.670  INFO 16236 --- [restartedMain] .s.d.r.c.RepositoryConfigurationDelegate : Finished Spring Data repository scanning in 98ms. Found 4 JPA repository interfaces.
2020-09-22 21:18:50.008  INFO 16236 --- [restartedMain] trationDelegate$BeanPostProcessorChecker : Bean 'org.springframework.transaction.annotation.ProxyTransactionManagementConfiguration' of type [org.springframework.transaction.annotation.ProxyTransactionManagementConfiguration] is not eligible for getting processed by all BeanPostProcessors (for example: not eligible for auto-proxying)
2020-09-22 21:18:50.037  INFO 16236 --- [restartedMain] trationDelegate$BeanPostProcessorChecker : Bean 'org.springframework.security.config.annotation.configuration.ObjectPostProcessorConfiguration' of type [org.springframework.security.config.annotation.configuration.ObjectPostProcessorConfiguration] is not eligible for getting processed by all BeanPostProcessors (for example: not eligible for auto-proxying)
2020-09-22 21:18:50.040  INFO 16236 --- [restartedMain] trationDelegate$BeanPostProcessorChecker : Bean 'objectPostProcessor' of type [org.springframework.security.config.annotation.configuration.AutowireBeanFactoryObjectPostProcessor] is not eligible for getting processed by all BeanPostProcessors (for example: not eligible for auto-proxying)
2020-09-22 21:18:50.042  INFO 16236 --- [restartedMain] trationDelegate$BeanPostProcessorChecker : Bean 'org.springframework.security.access.expression.method.DefaultMethodSecurityExpressionHandler@7a3ca8c0' of type [org.springframework.security.access.expression.method.DefaultMethodSecurityExpressionHandler] is not eligible for getting processed by all BeanPostProcessors (for example: not eligible for auto-proxying)
2020-09-22 21:18:50.044  INFO 16236 --- [restartedMain] trationDelegate$BeanPostProcessorChecker : Bean 'org.springframework.security.config.annotation.method.configuration.GlobalMethodSecurityConfiguration' of type [org.springframework.security.config.annotation.method.configuration.GlobalMethodSecurityConfiguration] is not eligible for getting processed by all BeanPostProcessors (for example: not eligible for auto-proxying)
2020-09-22 21:18:50.050  INFO 16236 --- [restartedMain] trationDelegate$BeanPostProcessorChecker : Bean 'org.springframework.security.config.annotation.method.configuration.Jsr250MetadataSourceConfiguration' of type [org.springframework.security.config.annotation.method.configuration.Jsr250MetadataSourceConfiguration] is not eligible for getting processed by all BeanPostProcessors (for example: not eligible for auto-proxying)
2020-09-22 21:18:50.051  INFO 16236 --- [restartedMain] trationDelegate$BeanPostProcessorChecker : Bean 'jsr250MethodSecurityMetadataSource' of type [org.springframework.security.access.annotation.Jsr250MethodSecurityMetadataSource] is not eligible for getting processed by all BeanPostProcessors (for example: not eligible for auto-proxying)
2020-09-22 21:18:50.052  INFO 16236 --- [restartedMain] trationDelegate$BeanPostProcessorChecker : Bean 'methodSecurityMetadataSource' of type [org.springframework.security.access.method.DelegatingMethodSecurityMetadataSource] is not eligible for getting processed by all BeanPostProcessors (for example: not eligible for auto-proxying)
2020-09-22 21:18:50.430  INFO 16236 --- [restartedMain] o.s.b.w.embedded.tomcat.TomcatWebServer  : Tomcat initialized with port(s): 8080 (http)
2020-09-22 21:18:50.441  INFO 16236 --- [restartedMain] o.apache.catalina.core.StandardService   : Starting service [Tomcat]
2020-09-22 21:18:50.442  INFO 16236 --- [restartedMain] org.apache.catalina.core.StandardEngine  : Starting Servlet engine: [Apache Tomcat/9.0.30]
2020-09-22 21:18:50.554  INFO 16236 --- [restartedMain] o.a.c.c.C.[Tomcat].[localhost].[/]       : Initializing Spring embedded WebApplicationContext
2020-09-22 21:18:50.554  INFO 16236 --- [restartedMain] o.s.web.context.ContextLoader            : Root WebApplicationContext: initialization completed in 2519 ms
2020-09-22 21:18:50.734  INFO 16236 --- [restartedMain] com.zaxxer.hikari.HikariDataSource       : HikariPool-1 - Starting...
2020-09-22 21:18:50.966  INFO 16236 --- [restartedMain] com.zaxxer.hikari.HikariDataSource       : HikariPool-1 - Start completed.
2020-09-22 21:18:50.974  INFO 16236 --- [restartedMain] o.s.b.a.h2.H2ConsoleAutoConfiguration    : H2 console available at '/h2'. Database available at 'jdbc:h2:mem:map-app-db'
2020-09-22 21:18:51.197  WARN 16236 --- [restartedMain] JpaBaseConfiguration$JpaWebConfiguration : spring.jpa.open-in-view is enabled by default. Therefore, database queries may be performed during view rendering. Explicitly configure spring.jpa.open-in-view to disable this warning
2020-09-22 21:18:51.315  INFO 16236 --- [restartedMain] o.hibernate.jpa.internal.util.LogHelper  : HHH000204: Processing PersistenceUnitInfo [name: default]
2020-09-22 21:18:51.410  INFO 16236 --- [restartedMain] org.hibernate.Version                    : HHH000412: Hibernate Core {5.4.10.Final}
2020-09-22 21:18:51.596  INFO 16236 --- [restartedMain] o.hibernate.annotations.common.Version   : HCANN000001: Hibernate Commons Annotations {5.1.0.Final}
2020-09-22 21:18:51.749  INFO 16236 --- [restartedMain] org.hibernate.dialect.Dialect            : HHH000400: Using dialect: org.hibernate.dialect.H2Dialect
2020-09-22 21:18:52.858  INFO 16236 --- [restartedMain] o.h.e.t.j.p.i.JtaPlatformInitiator       : HHH000490: Using JtaPlatform implementation: [org.hibernate.engine.transaction.jta.platform.internal.NoJtaPlatform]
2020-09-22 21:18:52.867  INFO 16236 --- [restartedMain] j.LocalContainerEntityManagerFactoryBean : Initialized JPA EntityManagerFactory for persistence unit 'default'
2020-09-22 21:18:53.487  INFO 16236 --- [restartedMain] o.s.b.d.a.OptionalLiveReloadServer       : LiveReload server is running on port 35729
2020-09-22 21:18:55.007  INFO 16236 --- [restartedMain] o.s.b.a.e.web.EndpointLinksResolver      : Exposing 2 endpoint(s) beneath base path '/actuator'
2020-09-22 21:18:55.064  INFO 16236 --- [restartedMain] o.s.s.web.DefaultSecurityFilterChain     : Creating filter chain: any request, [org.springframework.security.web.context.request.async.WebAsyncManagerIntegrationFilter@7859d5bc, org.springframework.security.web.context.SecurityContextPersistenceFilter@31d8b15c, org.springframework.security.web.header.HeaderWriterFilter@139642af, org.springframework.web.filter.CorsFilter@227317d4, org.springframework.security.web.authentication.logout.LogoutFilter@426f7137, mk.finki.ukim.mk.map_application.security.JwtAuthenticationFilter@1ed07379, org.springframework.security.web.savedrequest.RequestCacheAwareFilter@61511f25, org.springframework.security.web.servletapi.SecurityContextHolderAwareRequestFilter@46af1f7b, org.springframework.security.web.authentication.AnonymousAuthenticationFilter@3cb02cba, org.springframework.security.web.session.SessionManagementFilter@adaa66, org.springframework.security.web.access.ExceptionTranslationFilter@792268e0, org.springframework.security.web.access.intercept.FilterSecurityInterceptor@c418644]
2020-09-22 21:18:55.161  INFO 16236 --- [restartedMain] o.s.s.concurrent.ThreadPoolTaskExecutor  : Initializing ExecutorService 'applicationTaskExecutor'
2020-09-22 21:18:55.296  WARN 16236 --- [restartedMain] ion$DefaultTemplateResolverConfiguration : Cannot find template location: classpath:/templates/ (please add some templates or check your Thymeleaf configuration)
2020-09-22 21:18:55.595  INFO 16236 --- [restartedMain] o.s.b.w.embedded.tomcat.TomcatWebServer  : Tomcat started on port(s): 8080 (http) with context path ''
2020-09-22 21:18:55.599  INFO 16236 --- [restartedMain] m.f.u.mk.map_application.MapApplication  : Started MapApplication in 8.067 seconds (JVM running for 9.63)
2020-09-22 21:18:55.777  INFO 16236 --- [RMI TCP Connection(1)-192.168.1.101] o.a.c.c.C.[Tomcat].[localhost].[/]       : Initializing Spring DispatcherServlet 'dispatcherServlet'
2020-09-22 21:18:55.778  INFO 16236 --- [RMI TCP Connection(1)-192.168.1.101] o.s.web.servlet.DispatcherServlet        : Initializing Servlet 'dispatcherServlet'
2020-09-22 21:18:55.792  INFO 16236 --- [RMI TCP Connection(1)-192.168.1.101] o.s.web.servlet.DispatcherServlet        : Completed initialization in 14 ms
